[2024-10-01 11:21:00,231][INFO]: [Log file [program_logging.log] already exists]
[2024-10-01 11:21:00,235][INFO]: [Log file [program_logging.log] already exists]
[2024-10-01 11:21:00,236][INFO]: [Data source [Students_Performance.csv] exists at [C:\Users\aghaa\OneDrive\Desktop\Kunskap_2]]
[2024-10-01 11:21:00,236][INFO]: [Data source [Students_Performance.csv] exists at [C:\Users\aghaa\OneDrive\Desktop\Kunskap_2]]
[2024-10-01 11:21:00,247][INFO]: [Successfully read file with encoding: UTF-8]
[2024-10-01 11:21:00,247][INFO]: [Data source [Students_Performance.csv] exists at [C:\Users\aghaa\OneDrive\Desktop\Kunskap_2]]
[2024-10-01 11:21:00,251][INFO]: [Successfully read file with encoding: UTF-8]
[2024-10-01 11:21:00,253][INFO]: [Renamed dataframe columns: ['gender', 'race/ethnicity', 'parental level of education', 'lunch', 'test preparation course', 'math score', 'reading score', 'writing score', 'date']]
[2024-10-01 11:21:00,253][INFO]: [Dataset Shape: Rows [1045] : Columns [9]]
[2024-10-01 11:21:00,253][INFO]: [Column Names: Rows ['gender', 'race/ethnicity', 'parental level of education', 'lunch', 'test preparation course', 'math score', 'reading score', 'writing score', 'date']]
[2024-10-01 11:21:00,253][INFO]: [Column Data Types: ['gender: object', 'race/ethnicity: object', 'parental level of education: object', 'lunch: object', 'test preparation course: object', 'math score: float64', 'reading score: float64', 'writing score: float64', 'date: object']]
[2024-10-01 11:21:00,253][INFO]: [Null Value Counts: {'gender': 33, 'race/ethnicity': 0, 'parental level of education': 16, 'lunch': 35, 'test preparation course': 67, 'math score': 21, 'reading score': 31, 'writing score': 18, 'date': 0}]
[2024-10-01 11:21:00,253][INFO]: [Missing values: {'gender': 33, 'parental level of education': 16, 'lunch': 35, 'test preparation course': 67, 'math score': 21, 'reading score': 31, 'writing score': 18}]
[2024-10-01 11:21:00,253][INFO]: [Duplicated rows: the dataset has 20 duplicated rows.]
[2024-10-01 11:21:00,253][INFO]: [DUPLICATED rows: dropped [20] out of [1045] rows. The new dataset includes: [1025] rows.]
[2024-10-01 11:21:00,260][INFO]: [MISSING values: dropped 158 rows out of 1025 rows. New dataset has 867 rows.]
[2024-10-01 11:21:00,260][INFO]: [Number of stripped leading and trailing whitespace: {'gender': 34, 'race/ethnicity': 0, 'parental level of education': 12, 'lunch': 16, 'test preparation course': 19, 'date': 0}]
[2024-10-01 11:21:00,260][INFO]: [Column [gender] original values: {'female': 413, 'male': 402, 'F': 27, 'M': 25}]
[2024-10-01 11:21:00,260][INFO]: [Column [gender] cleaned values:{'female': 440, 'male': 427}]
[2024-10-01 11:21:00,260][INFO]: [Column [race/ethnicity] original values: {'group C': 245, 'group D': 212, 'group B': 156, 'group E': 95, 'group A': 66, 'groupC': 27, 'groupB': 14, 'groupd': 14, 'A': 11, 'e': 11, 'E': 10, 'a': 6}]
[2024-10-01 11:21:00,260][INFO]: [Column [race/ethnicity] cleaned values:{'group C': 272, 'group D': 226, 'group B': 170, 'group E': 116, 'group A': 83}]
[2024-10-01 11:21:00,260][INFO]: [Column [lunch] original values: {'standard': 562, 'free/reduced': 272, 'free/???': 20, 'free/\\reduced': 13}]
[2024-10-01 11:21:00,260][INFO]: [Column [lunch] cleaned values:{'standard': 562, 'free/reduced': 305}]
[2024-10-01 11:21:00,271][INFO]: [[30] consecutive slashes were replaced in the 'date' column]
[2024-10-01 11:21:00,303][INFO]: [Cleaned data file saved at [C:\Users\aghaa\OneDrive\Desktop\Kunskap_2\cleaned_students_performance.csv]]
